<?xml version="1.0" encoding="UTF-8"?>
<!-- Generated by org.testng.reporters.JUnitReportReporter -->
<testsuite hostname="DESKTOP-HHFQU8G" failures="0" tests="2" name="com.mystore.base.Base" time="14.907" errors="0" timestamp="2022-04-03T08:42:04 IST" skipped="0">
  <testcase classname="com.mystore.base.Base" name="loadConfigFile" time="14.889"/>
  <system-out/>
  <testcase classname="com.mystore.base.Base" name="launchApp" time="0.018"/>
  <system-out/>
</testsuite> <!-- com.mystore.base.Base -->
