<?xml version="1.0" encoding="UTF-8"?>
<!-- Generated by org.testng.reporters.JUnitReportReporter -->
<testsuite skipped="0" hostname="DESKTOP-HHFQU8G" name="com.mystore.testcases.IndexPageTest" tests="2" failures="0" timestamp="2022-04-10T07:36:31 IST" time="32.242" errors="0">
  <testcase name="verifyTitle" time="22.546" classname="com.mystore.testcases.IndexPageTest"/>
  <system-out/>
  <testcase name="verifyLogo" time="9.696" classname="com.mystore.testcases.IndexPageTest"/>
  <system-out/>
</testsuite> <!-- com.mystore.testcases.IndexPageTest -->
